<?xml version="1.0" encoding="UTF-8"?>
<testsuite name="uk.ac.nottingham.cryptography.EncryptTests" tests="5" skipped="0" failures="0" errors="0" timestamp="2023-05-04T16:14:07" hostname="max-laptop" time="0.017">
  <properties/>
  <testcase name="encryptSingleBlockTest()" classname="uk.ac.nottingham.cryptography.EncryptTests" time="0.009"/>
  <testcase name="encryptMultipleBlockTest()" classname="uk.ac.nottingham.cryptography.EncryptTests" time="0.001"/>
  <testcase name="decryptSingleBlockTest()" classname="uk.ac.nottingham.cryptography.EncryptTests" time="0.001"/>
  <testcase name="decryptMultipleBlockTest()" classname="uk.ac.nottingham.cryptography.EncryptTests" time="0.001"/>
  <testcase name="extendedRandomEncryptDecryptBlockTests()" classname="uk.ac.nottingham.cryptography.EncryptTests" time="0.002"/>
  <system-out><![CDATA[]]></system-out>
  <system-err><![CDATA[]]></system-err>
</testsuite>
