<?xml version="1.0" encoding="UTF-8"?>
<testsuite name="uk.ac.nottingham.cryptography.InitialisationTests" tests="6" skipped="0" failures="0" errors="0" timestamp="2023-05-04T16:14:07" hostname="max-laptop" time="0.02">
  <properties/>
  <testcase name="initialiseFromZeroKeyTest()" classname="uk.ac.nottingham.cryptography.InitialisationTests" time="0.002"/>
  <testcase name="extendedKeyInitTests()" classname="uk.ac.nottingham.cryptography.InitialisationTests" time="0.001"/>
  <testcase name="nullOrZeroIvInitTest()" classname="uk.ac.nottingham.cryptography.InitialisationTests" time="0.002"/>
  <testcase name="singleIvInitTest()" classname="uk.ac.nottingham.cryptography.InitialisationTests" time="0.002"/>
  <testcase name="ivReInitTest()" classname="uk.ac.nottingham.cryptography.InitialisationTests" time="0.002"/>
  <testcase name="multiKeyIVTests()" classname="uk.ac.nottingham.cryptography.InitialisationTests" time="0.004"/>
  <system-out><![CDATA[]]></system-out>
  <system-err><![CDATA[]]></system-err>
</testsuite>
