<?xml version="1.0" encoding="UTF-8"?>
<testsuite name="uk.ac.nottingham.cryptography.StringOutputTests" tests="2" skipped="0" failures="0" errors="0" timestamp="2023-05-04T16:14:07" hostname="max-laptop" time="0.003">
  <properties/>
  <testcase name="getStateStringTestFancy()" classname="uk.ac.nottingham.cryptography.StringOutputTests" time="0.001"/>
  <testcase name="getStateStringTestPlain()" classname="uk.ac.nottingham.cryptography.StringOutputTests" time="0.001"/>
  <system-out><![CDATA[]]></system-out>
  <system-err><![CDATA[]]></system-err>
</testsuite>
